<?xml version="1.0" encoding="UTF-8"?>
<!-- Generated by org.testng.reporters.JUnitXMLReporter -->
<testsuite ignored="0" hostname="hugo-pc" failures="1" tests="1" name="Litnet Test" time="1.618" errors="0" timestamp="2022-11-12T17:16:40 MSK">
  <testcase classname="pageObjects.baseObjects.BaseTest" name="@AfterTest stop" time="0.002">
    <failure type="java.lang.NullPointerException">
      <![CDATA[java.lang.NullPointerException
at driver.DriverManager.closeWebDriver(DriverManager.java:27)
at pageObjects.baseObjects.BaseTest.stop(BaseTest.java:46)
at java.base/java.util.concurrent.FutureTask.run(FutureTask.java:264)
at java.base/java.util.concurrent.ThreadPoolExecutor.runWorker(ThreadPoolExecutor.java:1128)
at java.base/java.util.concurrent.ThreadPoolExecutor$Worker.run(ThreadPoolExecutor.java:628)
at java.base/java.lang.Thread.run(Thread.java:834)
... Removed 14 stack frames]]>
    </failure>
  </testcase> <!-- @AfterTest stop -->
  <testcase classname="First_Test.test" name="loginTest" time="0.126">
    <failure type="java.lang.NullPointerException">
      <![CDATA[java.lang.NullPointerException
at driver.DriverManager.getDriver(DriverManager.java:19)
at pageObjects.baseObjects.BasePage.<init>(BasePage.java:28)
at pageObjects.litnet.HomePage.<init>(HomePage.java:6)
at First_Test.test.loginTest(test.java:15)
at java.base/java.util.ArrayList.forEach(ArrayList.java:1541)
at java.base/java.util.concurrent.FutureTask.run(FutureTask.java:264)
at java.base/java.util.concurrent.ThreadPoolExecutor.runWorker(ThreadPoolExecutor.java:1128)
at java.base/java.util.concurrent.ThreadPoolExecutor$Worker.run(ThreadPoolExecutor.java:628)
at java.base/java.lang.Thread.run(Thread.java:834)
... Removed 17 stack frames]]>
    </failure>
  </testcase> <!-- loginTest -->
</testsuite> <!-- Litnet Test -->
